<?xml version="1.0" encoding="UTF-8"?>
<testsuite name="verificar la tarifa de los clientes" tests="2" skipped="0" failures="0" errors="0" timestamp="2021-03-18T20:38:18" hostname="CHMEPPF17WKEY" time="84.622">
  <properties/>
  <testcase name="buscar tarifa mas economica en los diferentes destinos y verificar" classname="verificar la tarifa de los clientes" time="42.203"/>
  <testcase name="buscar tarifa mas economica en los diferentes destinos y verificar" classname="verificar la tarifa de los clientes" time="42.416"/>
  <system-out><![CDATA[Nprecio total 218.0
218.0
Nprecio total 897.0
897.0
]]></system-out>
  <system-err><![CDATA[mar 18, 2021 3:38:18 PM org.openqa.selenium.remote.DesiredCapabilities chrome
INFORMACIÓN: Using `new ChromeOptions()` is preferred to `DesiredCapabilities.chrome()`
Starting ChromeDriver 2.39.562718 (9a2698cba08cf5a471a29d30c8b3e12becabb0e9) on port 35179
Only local connections are allowed.
mar 18, 2021 3:38:27 PM org.openqa.selenium.remote.ProtocolHandshake createSession
INFORMACIÓN: Detected dialect: OSS
[Test worker] INFO net.serenitybdd.core.Serenity - 
        __    _____ _____ ____ _____   ____   _    ____  ____  _____ ____  
  _     \ \  |_   _| ____/ ___|_   _| |  _ \ / \  / ___|/ ___|| ____|  _ \ 
 (_)_____| |   | | |  _| \___ \ | |   | |_) / _ \ \___ \\___ \|  _| | | | |
  _|_____| |   | | | |___ ___) || |   |  __/ ___ \ ___) |___) | |___| |_| |
 (_)     | |   |_| |_____|____/ |_|   |_| /_/   \_\____/|____/|_____|____/ 
        /_/                                                                

TEST PASSED: buscar tarifa mas economica en los diferentes destinos y verificar
----------------------------------------------------------------------------
mar 18, 2021 3:39:00 PM org.openqa.selenium.remote.DesiredCapabilities chrome
INFORMACIÓN: Using `new ChromeOptions()` is preferred to `DesiredCapabilities.chrome()`
mar 18, 2021 3:39:07 PM org.openqa.selenium.remote.ProtocolHandshake createSession
INFORMACIÓN: Detected dialect: OSS
[Test worker] INFO net.serenitybdd.core.Serenity - 
        __    _____ _____ ____ _____   ____   _    ____  ____  _____ ____  
  _     \ \  |_   _| ____/ ___|_   _| |  _ \ / \  / ___|/ ___|| ____|  _ \ 
 (_)_____| |   | | |  _| \___ \ | |   | |_) / _ \ \___ \\___ \|  _| | | | |
  _|_____| |   | | | |___ ___) || |   |  __/ ___ \ ___) |___) | |___| |_| |
 (_)     | |   |_| |_____|____/ |_|   |_| /_/   \_\____/|____/|_____|____/ 
        /_/                                                                

TEST PASSED: buscar tarifa mas economica en los diferentes destinos y verificar
----------------------------------------------------------------------------
]]></system-err>
</testsuite>
